[0805/000900.598:ERROR:process_reader_win.cc(188)] ResumeThread: The parameter is incorrect. (0x57)
[0805/000900.632:ERROR:process_reader_win.cc(151)] SuspendThread: Access is denied. (0x5)
[0805/000900.632:ERROR:process_reader_win.cc(151)] SuspendThread: Access is denied. (0x5)
[0805/000900.632:ERROR:process_reader_win.cc(151)] SuspendThread: Access is denied. (0x5)
[0805/000900.632:ERROR:process_reader_win.cc(123)] NtOpenThread: An invalid Client ID was specified. (0xc000000b)
[0805/000900.667:ERROR:process_reader_win.cc(151)] SuspendThread: Access is denied. (0x5)
[0805/000900.667:ERROR:process_reader_win.cc(151)] SuspendThread: Access is denied. (0x5)
[0805/000900.667:ERROR:process_reader_win.cc(151)] SuspendThread: Access is denied. (0x5)
[0805/000900.667:ERROR:process_reader_win.cc(151)] SuspendThread: Access is denied. (0x5)
[0805/000900.667:ERROR:process_reader_win.cc(151)] SuspendThread: Access is denied. (0x5)
[0805/000900.667:ERROR:process_reader_win.cc(151)] SuspendThread: Access is denied. (0x5)
[0805/000900.667:ERROR:process_reader_win.cc(151)] SuspendThread: Access is denied. (0x5)
[0805/000900.667:ERROR:process_reader_win.cc(151)] SuspendThread: Access is denied. (0x5)
[0805/000900.667:ERROR:process_reader_win.cc(151)] SuspendThread: Access is denied. (0x5)
[0805/000900.667:ERROR:process_reader_win.cc(151)] SuspendThread: Access is denied. (0x5)
[0805/000900.667:ERROR:process_reader_win.cc(151)] SuspendThread: Access is denied. (0x5)
[0805/000900.668:ERROR:process_reader_win.cc(151)] SuspendThread: Access is denied. (0x5)
[0805/000900.668:ERROR:process_reader_win.cc(151)] SuspendThread: Access is denied. (0x5)
[0805/000900.668:ERROR:process_reader_win.cc(151)] SuspendThread: Access is denied. (0x5)
[0805/000900.668:ERROR:exception_snapshot_win.cc(98)] thread ID 5056 not found in process
[0805/000901.524:ERROR:process_reader_win.cc(188)] ResumeThread: The parameter is incorrect. (0x57)
[0805/000901.526:ERROR:process_reader_win.cc(151)] SuspendThread: Access is denied. (0x5)
[0805/000901.526:ERROR:process_reader_win.cc(151)] SuspendThread: Access is denied. (0x5)
[0805/000901.526:ERROR:process_reader_win.cc(151)] SuspendThread: Access is denied. (0x5)
[0805/000901.526:ERROR:process_reader_win.cc(151)] SuspendThread: Access is denied. (0x5)
[0805/000901.526:ERROR:process_reader_win.cc(151)] SuspendThread: Access is denied. (0x5)
[0805/000901.526:ERROR:process_reader_win.cc(151)] SuspendThread: Access is denied. (0x5)
[0805/000901.526:ERROR:process_reader_win.cc(151)] SuspendThread: Access is denied. (0x5)
[0805/000901.526:ERROR:process_reader_win.cc(151)] SuspendThread: Access is denied. (0x5)
[0805/000901.526:ERROR:process_reader_win.cc(151)] SuspendThread: Access is denied. (0x5)
[0805/000901.526:ERROR:process_reader_win.cc(151)] SuspendThread: Access is denied. (0x5)
[0805/000901.526:ERROR:process_reader_win.cc(151)] SuspendThread: Access is denied. (0x5)
[0805/000901.526:ERROR:process_reader_win.cc(151)] SuspendThread: Access is denied. (0x5)
[0805/000901.526:ERROR:process_reader_win.cc(151)] SuspendThread: Access is denied. (0x5)
[0805/000901.526:ERROR:process_reader_win.cc(151)] SuspendThread: Access is denied. (0x5)
[0805/000901.526:ERROR:process_reader_win.cc(151)] SuspendThread: Access is denied. (0x5)
[0805/000901.526:ERROR:process_reader_win.cc(151)] SuspendThread: Access is denied. (0x5)
[0805/000901.527:ERROR:process_reader_win.cc(151)] SuspendThread: Access is denied. (0x5)
[0805/000901.527:ERROR:process_reader_win.cc(151)] SuspendThread: Access is denied. (0x5)
[0805/000901.527:ERROR:process_reader_win.cc(151)] SuspendThread: Access is denied. (0x5)
[0805/000901.527:ERROR:exception_snapshot_win.cc(98)] thread ID 8676 not found in process
[0805/002607.420:ERROR:process_reader_win.cc(188)] ResumeThread: The parameter is incorrect. (0x57)
[0805/002607.422:ERROR:process_reader_win.cc(151)] SuspendThread: Access is denied. (0x5)
[0805/002607.422:ERROR:process_reader_win.cc(151)] SuspendThread: Access is denied. (0x5)
[0805/002607.422:ERROR:process_reader_win.cc(151)] SuspendThread: Access is denied. (0x5)
[0805/002607.422:ERROR:process_reader_win.cc(151)] SuspendThread: Access is denied. (0x5)
[0805/002607.422:ERROR:process_reader_win.cc(123)] NtOpenThread: An invalid Client ID was specified. (0xc000000b)
[0805/002607.423:ERROR:process_reader_win.cc(151)] SuspendThread: Access is denied. (0x5)
[0805/002607.423:ERROR:process_reader_win.cc(151)] SuspendThread: Access is denied. (0x5)
[0805/002607.423:ERROR:process_reader_win.cc(151)] SuspendThread: Access is denied. (0x5)
[0805/002607.423:ERROR:process_reader_win.cc(151)] SuspendThread: Access is denied. (0x5)
[0805/002607.423:ERROR:process_reader_win.cc(151)] SuspendThread: Access is denied. (0x5)
[0805/002607.423:ERROR:process_reader_win.cc(151)] SuspendThread: Access is denied. (0x5)
[0805/002607.423:ERROR:process_reader_win.cc(151)] SuspendThread: Access is denied. (0x5)
[0805/002607.423:ERROR:process_reader_win.cc(151)] SuspendThread: Access is denied. (0x5)
[0805/002607.423:ERROR:process_reader_win.cc(151)] SuspendThread: Access is denied. (0x5)
[0805/002607.423:ERROR:process_reader_win.cc(151)] SuspendThread: Access is denied. (0x5)
[0805/002607.423:ERROR:process_reader_win.cc(151)] SuspendThread: Access is denied. (0x5)
[0805/002607.423:ERROR:exception_snapshot_win.cc(98)] thread ID 5440 not found in process
[0808/224607.140:ERROR:process_reader_win.cc(188)] ResumeThread: The parameter is incorrect. (0x57)
[0808/224607.140:ERROR:process_reader_win.cc(151)] SuspendThread: Access is denied. (0x5)
[0808/224607.140:ERROR:process_reader_win.cc(151)] SuspendThread: Access is denied. (0x5)
[0808/224607.140:ERROR:process_reader_win.cc(123)] NtOpenThread: An invalid Client ID was specified. (0xc000000b)
[0808/224607.190:ERROR:process_reader_win.cc(123)] NtOpenThread: An invalid Client ID was specified. (0xc000000b)
[0808/224607.190:ERROR:process_reader_win.cc(123)] NtOpenThread: An invalid Client ID was specified. (0xc000000b)
[0808/224607.190:ERROR:process_reader_win.cc(123)] NtOpenThread: An invalid Client ID was specified. (0xc000000b)
[0808/224607.190:ERROR:process_reader_win.cc(123)] NtOpenThread: An invalid Client ID was specified. (0xc000000b)
[0808/224607.190:ERROR:process_reader_win.cc(151)] SuspendThread: Access is denied. (0x5)
[0808/224607.190:ERROR:process_reader_win.cc(123)] NtOpenThread: An invalid Client ID was specified. (0xc000000b)
[0808/224607.190:ERROR:process_reader_win.cc(123)] NtOpenThread: An invalid Client ID was specified. (0xc000000b)
[0808/224607.190:ERROR:process_reader_win.cc(123)] NtOpenThread: An invalid Client ID was specified. (0xc000000b)
[0808/224607.190:ERROR:process_reader_win.cc(123)] NtOpenThread: An invalid Client ID was specified. (0xc000000b)
[0808/224607.190:ERROR:process_reader_win.cc(123)] NtOpenThread: An invalid Client ID was specified. (0xc000000b)
[0808/224607.190:ERROR:process_reader_win.cc(123)] NtOpenThread: An invalid Client ID was specified. (0xc000000b)
[0808/224607.190:ERROR:process_reader_win.cc(123)] NtOpenThread: An invalid Client ID was specified. (0xc000000b)
[0808/224607.190:ERROR:process_reader_win.cc(123)] NtOpenThread: An invalid Client ID was specified. (0xc000000b)
[0808/224607.190:ERROR:process_reader_win.cc(123)] NtOpenThread: An invalid Client ID was specified. (0xc000000b)
[0808/224607.190:ERROR:exception_snapshot_win.cc(98)] thread ID 6896 not found in process
[0808/224607.190:ERROR:scoped_process_suspend.cc(40)] NtResumeProcess: An attempt was made to access an exiting process. (0xc000010a)
[0810/001102.807:ERROR:process_reader_win.cc(151)] SuspendThread: Access is denied. (0x5)
[0810/001102.936:ERROR:process_reader_win.cc(123)] NtOpenThread: An invalid Client ID was specified. (0xc000000b)
[0810/001102.992:ERROR:process_reader_win.cc(123)] NtOpenThread: An invalid Client ID was specified. (0xc000000b)
[0810/001102.992:ERROR:process_reader_win.cc(123)] NtOpenThread: An invalid Client ID was specified. (0xc000000b)
[0810/001102.992:ERROR:process_reader_win.cc(123)] NtOpenThread: An invalid Client ID was specified. (0xc000000b)
[0810/001102.992:ERROR:process_reader_win.cc(123)] NtOpenThread: An invalid Client ID was specified. (0xc000000b)
[0810/001102.992:ERROR:process_reader_win.cc(123)] NtOpenThread: An invalid Client ID was specified. (0xc000000b)
[0810/001102.993:ERROR:process_reader_win.cc(123)] NtOpenThread: An invalid Client ID was specified. (0xc000000b)
[0810/001102.993:ERROR:process_reader_win.cc(123)] NtOpenThread: An invalid Client ID was specified. (0xc000000b)
[0810/001102.993:ERROR:process_reader_win.cc(123)] NtOpenThread: An invalid Client ID was specified. (0xc000000b)
[0810/001102.993:ERROR:process_reader_win.cc(123)] NtOpenThread: An invalid Client ID was specified. (0xc000000b)
[0810/001102.993:ERROR:process_reader_win.cc(123)] NtOpenThread: An invalid Client ID was specified. (0xc000000b)
[0810/001102.993:ERROR:exception_snapshot_win.cc(98)] thread ID 7016 not found in process
[0810/001102.993:ERROR:scoped_process_suspend.cc(40)] NtResumeProcess: An attempt was made to access an exiting process. (0xc000010a)
[0810/002248.605:ERROR:process_reader_win.cc(188)] ResumeThread: The parameter is incorrect. (0x57)
[0810/002248.606:ERROR:process_reader_win.cc(151)] SuspendThread: Access is denied. (0x5)
[0810/002248.606:ERROR:process_reader_win.cc(151)] SuspendThread: Access is denied. (0x5)
[0810/002248.606:ERROR:process_reader_win.cc(151)] SuspendThread: Access is denied. (0x5)
[0810/002248.606:ERROR:process_reader_win.cc(151)] SuspendThread: Access is denied. (0x5)
[0810/002248.606:ERROR:process_reader_win.cc(151)] SuspendThread: Access is denied. (0x5)
[0810/002248.606:ERROR:process_reader_win.cc(151)] SuspendThread: Access is denied. (0x5)
[0810/002248.606:ERROR:process_reader_win.cc(151)] SuspendThread: Access is denied. (0x5)
[0810/002248.606:ERROR:process_reader_win.cc(151)] SuspendThread: Access is denied. (0x5)
[0810/002248.606:ERROR:process_reader_win.cc(151)] SuspendThread: Access is denied. (0x5)
[0810/002248.606:ERROR:process_reader_win.cc(151)] SuspendThread: Access is denied. (0x5)
[0810/002248.606:ERROR:process_reader_win.cc(151)] SuspendThread: Access is denied. (0x5)
[0810/002248.606:ERROR:process_reader_win.cc(151)] SuspendThread: Access is denied. (0x5)
[0810/002248.606:ERROR:process_reader_win.cc(151)] SuspendThread: Access is denied. (0x5)
[0810/002248.606:ERROR:process_reader_win.cc(151)] SuspendThread: Access is denied. (0x5)
[0810/002248.606:ERROR:process_reader_win.cc(151)] SuspendThread: Access is denied. (0x5)
[0810/002248.606:ERROR:process_reader_win.cc(151)] SuspendThread: Access is denied. (0x5)
[0810/002248.606:ERROR:exception_snapshot_win.cc(98)] thread ID 4460 not found in process
[0810/214008.422:ERROR:process_reader_win.cc(151)] SuspendThread: Access is denied. (0x5)
[0810/214008.424:ERROR:exception_snapshot_win.cc(98)] thread ID 7088 not found in process
